<?xml version="1.0" encoding="UTF-8"?>
<!-- Generated by org.testng.reporters.JUnitXMLReporter -->
<testsuite hostname="DESKTOP-E0SQ1R3" ignored="0" name="Default test" tests="3" failures="0" timestamp="2022-08-12T13:02:39 IST" time="0.175" errors="0">
  <testcase name="@BeforeTest setup" time="-1.660289559124E9" classname="ff5evo600.TankStatusValidation">
    <failure type="org.testng.TestNGException" message="
Parameter &amp;apos;browsername&amp;apos; is required by BeforeTest on method setup but has not been marked @Optional or defined
in C:\Users\Admin\AppData\Local\Temp\testng-eclipse-495681390\testng-customsuite.xml">
      <![CDATA[org.testng.TestNGException: 
Parameter 'browsername' is required by BeforeTest on method setup but has not been marked @Optional or defined
in C:\Users\Admin\AppData\Local\Temp\testng-eclipse-495681390\testng-customsuite.xml
at org.testng.internal.Parameters.createParams(Parameters.java:270)
at org.testng.internal.Parameters.createParametersForMethod(Parameters.java:358)
at org.testng.internal.Parameters.createParameters(Parameters.java:700)
at org.testng.internal.Parameters.createConfigurationParameters(Parameters.java:168)
at org.testng.internal.ConfigInvoker.invokeConfigurations(ConfigInvoker.java:302)
at org.testng.TestRunner.invokeTestConfigurations(TestRunner.java:637)
at org.testng.TestRunner.beforeRun(TestRunner.java:627)
at org.testng.TestRunner.run(TestRunner.java:589)
at org.testng.SuiteRunner.runTest(SuiteRunner.java:377)
at org.testng.SuiteRunner.runSequentially(SuiteRunner.java:371)
at org.testng.SuiteRunner.privateRun(SuiteRunner.java:332)
at org.testng.SuiteRunner.run(SuiteRunner.java:276)
at org.testng.SuiteRunnerWorker.runSuite(SuiteRunnerWorker.java:53)
at org.testng.SuiteRunnerWorker.run(SuiteRunnerWorker.java:96)
at org.testng.TestNG.runSuitesSequentially(TestNG.java:1212)
at org.testng.TestNG.runSuitesLocally(TestNG.java:1134)
at org.testng.TestNG.runSuites(TestNG.java:1063)
at org.testng.TestNG.run(TestNG.java:1031)
at org.testng.remote.AbstractRemoteTestNG.run(AbstractRemoteTestNG.java:115)
at org.testng.remote.RemoteTestNG.initAndRun(RemoteTestNG.java:251)
at org.testng.remote.RemoteTestNG.main(RemoteTestNG.java:77)
]]>
    </failure>
  </testcase> <!-- @BeforeTest setup -->
  <testcase name="@AfterMethod reports" time="-1.660289559227E9" classname="ff5evo600.TankStatusValidation">
    <skipped/>
  </testcase> <!-- @AfterMethod reports -->
  <testcase name="@AfterMethod reports" time="-1.660289559246E9" classname="ff5evo600.TankStatusValidation">
    <skipped/>
  </testcase> <!-- @AfterMethod reports -->
  <testcase name="@AfterMethod reports" time="-1.660289559269E9" classname="ff5evo600.TankStatusValidation">
    <skipped/>
  </testcase> <!-- @AfterMethod reports -->
  <testcase name="@AfterTest teardown" time="-1.660289559278E9" classname="ff5evo600.TankStatusValidation">
    <skipped/>
  </testcase> <!-- @AfterTest teardown -->
  <testcase name="titanLoginPage" time="0.0" classname="ff5evo600.TankStatusValidation">
    <skipped/>
  </testcase> <!-- titanLoginPage -->
  <testcase name="atgHomescreen" time="0.0" classname="ff5evo600.TankStatusValidation">
    <skipped/>
  </testcase> <!-- atgHomescreen -->
  <testcase name="tankStatusVerify" time="0.0" classname="ff5evo600.TankStatusValidation">
    <skipped/>
  </testcase> <!-- tankStatusVerify -->
</testsuite> <!-- Default test -->
